/slipstream_old/slurm/spool/slurmd/job22690/slurm_script /slipstream_old/home/joeboyd/R_workspace.combined/TAPhelpR.data/honeybee_TAP_output.rename/honeybee_4days_queen_rep1.salmon_quant /slipstream_old/home/joeboyd/R_workspace.combined/TAPhelpR.data/honeybee_TAP_reference/GTF/GCF_003254395.2_genomic.gtf /slipstream_old/home/joeboyd/R_workspace.combined/TAPhelpR.data/honeybee_TAP_reference/SUPPA2 --singularity /slipstream/home/joeboyd/lab_shared/scripts/TAP/tap_latest.sif
SALMON_RESULT is /slipstream_old/home/joeboyd/R_workspace.combined/TAPhelpR.data/honeybee_TAP_output.rename/honeybee_4days_queen_rep1.salmon_quant
GTF is /slipstream_old/home/joeboyd/R_workspace.combined/TAPhelpR.data/honeybee_TAP_reference/GTF/GCF_003254395.2_genomic.gtf
suppa_ref is /slipstream_old/home/joeboyd/R_workspace.combined/TAPhelpR.data/honeybee_TAP_reference/SUPPA2
container is /slipstream/home/joeboyd/lab_shared/scripts/TAP/tap_latest.sif
container_type is singularity
running isoforms
singularity exec     --bind /slipstream_old/home/joeboyd/R_workspace.combined/TAPhelpR.data/honeybee_TAP_reference/GTF:/input_gtf,/slipstream_old/home/joeboyd/R_workspace.combined/TAPhelpR.data/honeybee_TAP_output.rename/honeybee_4days_queen_rep1.salmon_quant:/output_salmon,/slipstream_old/home/joeboyd/R_workspace.combined/TAPhelpR.data/honeybee_TAP_reference/SUPPA2:/suppa_ref     /slipstream/home/joeboyd/lab_shared/scripts/TAP/tap_latest.sif suppa.py psiPerIsoform -g /input_gtf/GCF_003254395.2_genomic.gtf -e /output_salmon/tpm.txt -o /output_salmon/suppa2
running A3
singularity exec     --bind /slipstream_old/home/joeboyd/R_workspace.combined/TAPhelpR.data/honeybee_TAP_reference/GTF:/input_gtf,/slipstream_old/home/joeboyd/R_workspace.combined/TAPhelpR.data/honeybee_TAP_output.rename/honeybee_4days_queen_rep1.salmon_quant:/output_salmon,/slipstream_old/home/joeboyd/R_workspace.combined/TAPhelpR.data/honeybee_TAP_reference/SUPPA2:/suppa_ref     /slipstream/home/joeboyd/lab_shared/scripts/TAP/tap_latest.sif suppa.py psiPerEvent -i /suppa_ref/suppa2.GCF_003254395.2_genomic.gtf._A3_strict.ioe -e /output_salmon/tpm.txt -o /output_salmon/suppa2.alternate_events.A3
running A5
singularity exec     --bind /slipstream_old/home/joeboyd/R_workspace.combined/TAPhelpR.data/honeybee_TAP_reference/GTF:/input_gtf,/slipstream_old/home/joeboyd/R_workspace.combined/TAPhelpR.data/honeybee_TAP_output.rename/honeybee_4days_queen_rep1.salmon_quant:/output_salmon,/slipstream_old/home/joeboyd/R_workspace.combined/TAPhelpR.data/honeybee_TAP_reference/SUPPA2:/suppa_ref     /slipstream/home/joeboyd/lab_shared/scripts/TAP/tap_latest.sif suppa.py psiPerEvent -i /suppa_ref/suppa2.GCF_003254395.2_genomic.gtf._A5_strict.ioe -e /output_salmon/tpm.txt -o /output_salmon/suppa2.alternate_events.A5
running AF
singularity exec     --bind /slipstream_old/home/joeboyd/R_workspace.combined/TAPhelpR.data/honeybee_TAP_reference/GTF:/input_gtf,/slipstream_old/home/joeboyd/R_workspace.combined/TAPhelpR.data/honeybee_TAP_output.rename/honeybee_4days_queen_rep1.salmon_quant:/output_salmon,/slipstream_old/home/joeboyd/R_workspace.combined/TAPhelpR.data/honeybee_TAP_reference/SUPPA2:/suppa_ref     /slipstream/home/joeboyd/lab_shared/scripts/TAP/tap_latest.sif suppa.py psiPerEvent -i /suppa_ref/suppa2.GCF_003254395.2_genomic.gtf._AF_strict.ioe -e /output_salmon/tpm.txt -o /output_salmon/suppa2.alternate_events.AF
running AL
singularity exec     --bind /slipstream_old/home/joeboyd/R_workspace.combined/TAPhelpR.data/honeybee_TAP_reference/GTF:/input_gtf,/slipstream_old/home/joeboyd/R_workspace.combined/TAPhelpR.data/honeybee_TAP_output.rename/honeybee_4days_queen_rep1.salmon_quant:/output_salmon,/slipstream_old/home/joeboyd/R_workspace.combined/TAPhelpR.data/honeybee_TAP_reference/SUPPA2:/suppa_ref     /slipstream/home/joeboyd/lab_shared/scripts/TAP/tap_latest.sif suppa.py psiPerEvent -i /suppa_ref/suppa2.GCF_003254395.2_genomic.gtf._AL_strict.ioe -e /output_salmon/tpm.txt -o /output_salmon/suppa2.alternate_events.AL
running MX
singularity exec     --bind /slipstream_old/home/joeboyd/R_workspace.combined/TAPhelpR.data/honeybee_TAP_reference/GTF:/input_gtf,/slipstream_old/home/joeboyd/R_workspace.combined/TAPhelpR.data/honeybee_TAP_output.rename/honeybee_4days_queen_rep1.salmon_quant:/output_salmon,/slipstream_old/home/joeboyd/R_workspace.combined/TAPhelpR.data/honeybee_TAP_reference/SUPPA2:/suppa_ref     /slipstream/home/joeboyd/lab_shared/scripts/TAP/tap_latest.sif suppa.py psiPerEvent -i /suppa_ref/suppa2.GCF_003254395.2_genomic.gtf._MX_strict.ioe -e /output_salmon/tpm.txt -o /output_salmon/suppa2.alternate_events.MX
running RI
singularity exec     --bind /slipstream_old/home/joeboyd/R_workspace.combined/TAPhelpR.data/honeybee_TAP_reference/GTF:/input_gtf,/slipstream_old/home/joeboyd/R_workspace.combined/TAPhelpR.data/honeybee_TAP_output.rename/honeybee_4days_queen_rep1.salmon_quant:/output_salmon,/slipstream_old/home/joeboyd/R_workspace.combined/TAPhelpR.data/honeybee_TAP_reference/SUPPA2:/suppa_ref     /slipstream/home/joeboyd/lab_shared/scripts/TAP/tap_latest.sif suppa.py psiPerEvent -i /suppa_ref/suppa2.GCF_003254395.2_genomic.gtf._RI_strict.ioe -e /output_salmon/tpm.txt -o /output_salmon/suppa2.alternate_events.RI
running SE
singularity exec     --bind /slipstream_old/home/joeboyd/R_workspace.combined/TAPhelpR.data/honeybee_TAP_reference/GTF:/input_gtf,/slipstream_old/home/joeboyd/R_workspace.combined/TAPhelpR.data/honeybee_TAP_output.rename/honeybee_4days_queen_rep1.salmon_quant:/output_salmon,/slipstream_old/home/joeboyd/R_workspace.combined/TAPhelpR.data/honeybee_TAP_reference/SUPPA2:/suppa_ref     /slipstream/home/joeboyd/lab_shared/scripts/TAP/tap_latest.sif suppa.py psiPerEvent -i /suppa_ref/suppa2.GCF_003254395.2_genomic.gtf._SE_strict.ioe -e /output_salmon/tpm.txt -o /output_salmon/suppa2.alternate_events.SE
FINISHED
